   5.0000000e+00   5.0000000e+00
   4.9176774e+00   5.0085629e+00
   4.8388793e+00   5.0338851e+00
   4.7669796e+00   5.0748823e+00
   4.7050566e+00   5.1297993e+00
   4.6557615e+00   5.1962849e+00
   4.6212048e+00   5.2714925e+00
   4.6028661e+00   5.3522020e+00
   4.6015305e+00   5.4349580e+00
   4.6172553e+00   5.5162173e+00
   4.6493671e+00   5.5925008e+00
   4.6964911e+00   5.6605425e+00
   4.7540690e+00   5.7201817e+00
   4.8123677e+00   5.7791409e+00
   4.8706664e+00   5.8381000e+00
   4.9289651e+00   5.8970592e+00
   4.9872638e+00   5.9560184e+00
   5.0455624e+00   6.0149776e+00
   5.1038611e+00   6.0739368e+00
   5.1621598e+00   6.1328960e+00
   5.2204585e+00   6.1918552e+00
   5.2787572e+00   6.2508144e+00
   5.3370559e+00   6.3097735e+00
   5.3953546e+00   6.3687327e+00
   5.4536532e+00   6.4276919e+00
   5.5119519e+00   6.4866511e+00
   5.5702506e+00   6.5456103e+00
   5.6322531e+00   6.5968188e+00
   5.7013008e+00   6.6382840e+00
   5.7706876e+00   6.6791983e+00
   5.8400745e+00   6.7201126e+00
   5.9094613e+00   6.7610269e+00
   5.9788481e+00   6.8019412e+00
   6.0482350e+00   6.8428555e+00
   6.1176218e+00   6.8837698e+00
   6.1870086e+00   6.9246841e+00
   6.2563955e+00   6.9655985e+00
   6.3257823e+00   7.0065128e+00
   6.3951691e+00   7.0474271e+00
   6.4645559e+00   7.0883414e+00
   6.5339428e+00   7.1292557e+00
   6.6033296e+00   7.1701700e+00
   6.6727164e+00   7.2110843e+00
   6.7421033e+00   7.2519986e+00
   6.8114901e+00   7.2929129e+00
   6.8808769e+00   7.3338272e+00
   6.9502637e+00   7.3747415e+00
   7.0196506e+00   7.4156558e+00
   7.0890374e+00   7.4565701e+00
   7.1584242e+00   7.4974844e+00
   7.2278111e+00   7.5383987e+00
   7.2971979e+00   7.5793131e+00
   7.3721204e+00   7.6136362e+00
   7.4524866e+00   7.6318771e+00
   7.5348853e+00   7.6332614e+00
   7.6164408e+00   7.6206241e+00
   7.6977919e+00   7.6065663e+00
   7.7791429e+00   7.5925085e+00
   7.8604940e+00   7.5784507e+00
   7.9418451e+00   7.5643930e+00
   8.0231962e+00   7.5503352e+00
   8.1045473e+00   7.5362774e+00
   8.1858984e+00   7.5222196e+00
   8.2672495e+00   7.5081618e+00
   8.3486006e+00   7.4941041e+00
   8.4299517e+00   7.4800463e+00
   8.5113028e+00   7.4659885e+00
   8.5926539e+00   7.4519307e+00
   8.6740049e+00   7.4378729e+00
   8.7553560e+00   7.4238152e+00
   8.8367071e+00   7.4097574e+00
   8.9180582e+00   7.3956996e+00
   8.9994093e+00   7.3816418e+00
   9.0807604e+00   7.3675840e+00
   9.1621115e+00   7.3535263e+00
   9.2434626e+00   7.3394685e+00
   9.3248137e+00   7.3254107e+00
   9.4068743e+00   7.3198122e+00
   9.4883451e+00   7.3311167e+00
   9.5673444e+00   7.3545044e+00
   9.6461839e+00   7.3784540e+00
   9.7250235e+00   7.4024037e+00
   9.8038630e+00   7.4263533e+00
   9.8827026e+00   7.4503029e+00
   9.9615421e+00   7.4742525e+00
   1.0040382e+01   7.4982021e+00
   1.0119221e+01   7.5221518e+00
   1.0198061e+01   7.5461014e+00
   1.0276900e+01   7.5700510e+00
   1.0355740e+01   7.5940006e+00
   1.0434579e+01   7.6179502e+00
   1.0513419e+01   7.6418998e+00
   1.0592259e+01   7.6658495e+00
   1.0671098e+01   7.6897991e+00
   1.0749938e+01   7.7137487e+00
   1.0828777e+01   7.7376983e+00
   1.0907617e+01   7.7616479e+00
   1.0986456e+01   7.7855975e+00
   1.1065296e+01   7.8095472e+00
   1.1144135e+01   7.8334968e+00
   1.1220087e+01   7.8654381e+00
   1.1287883e+01   7.9122635e+00
   1.1344646e+01   7.9719863e+00
   1.1388196e+01   8.0419553e+00
   1.1426770e+01   8.1149285e+00
   1.1465343e+01   8.1879018e+00
   1.1503917e+01   8.2608750e+00
   1.1542491e+01   8.3338482e+00
   1.1581064e+01   8.4068215e+00
   1.1619638e+01   8.4797947e+00
   1.1658211e+01   8.5527680e+00
   1.1696785e+01   8.6257412e+00
   1.1735359e+01   8.6987145e+00
   1.1773932e+01   8.7716877e+00
   1.1812506e+01   8.8446610e+00
   1.1851079e+01   8.9176342e+00
   1.1889653e+01   8.9906075e+00
   1.1928226e+01   9.0635807e+00
   1.1966800e+01   9.1365540e+00
   1.2005374e+01   9.2095272e+00
   1.2043947e+01   9.2825005e+00
   1.2082521e+01   9.3554737e+00
   1.2120731e+01   9.4295621e+00
   1.2158921e+01   9.5036604e+00
   1.2197112e+01   9.5777587e+00
   1.2235303e+01   9.6518570e+00
   1.2273493e+01   9.7259553e+00
   1.2311684e+01   9.8000536e+00
   1.2349875e+01   9.8741519e+00
   1.2388065e+01   9.9482502e+00
   1.2426256e+01   1.0022348e+01
   1.2464447e+01   1.0096447e+01
   1.2502637e+01   1.0170545e+01
   1.2540828e+01   1.0244643e+01
   1.2579019e+01   1.0318742e+01
   1.2617210e+01   1.0392840e+01
   1.2655400e+01   1.0466938e+01
   1.2693591e+01   1.0541037e+01
   1.2731782e+01   1.0615135e+01
   1.2769972e+01   1.0689233e+01
   1.2808163e+01   1.0763331e+01
   1.2846354e+01   1.0837430e+01
   1.2876519e+01   1.0914753e+01
   1.2890077e+01   1.0996637e+01
   1.2886444e+01   1.1079556e+01
   1.2865777e+01   1.1159941e+01
   1.2832744e+01   1.1236232e+01
   1.2798993e+01   1.1312223e+01
   1.2765241e+01   1.1388213e+01
   1.2731490e+01   1.1464204e+01
   1.2697739e+01   1.1540194e+01
   1.2663988e+01   1.1616184e+01
   1.2630237e+01   1.1692175e+01
   1.2596485e+01   1.1768165e+01
   1.2562734e+01   1.1844155e+01
   1.2528983e+01   1.1920146e+01
   1.2495232e+01   1.1996136e+01
   1.2461480e+01   1.2072127e+01
   1.2427729e+01   1.2148117e+01
   1.2393978e+01   1.2224107e+01
   1.2360227e+01   1.2300098e+01
   1.2326476e+01   1.2376088e+01
   1.2292724e+01   1.2452078e+01
   1.2258973e+01   1.2528069e+01
   1.2225222e+01   1.2604059e+01
   1.2191471e+01   1.2680050e+01
   1.2166136e+01   1.2757575e+01
   1.2157053e+01   1.2838628e+01
   1.2164600e+01   1.2919839e+01
   1.2188462e+01   1.2997830e+01
   1.2227648e+01   1.3069360e+01
   1.2279205e+01   1.3132673e+01
   1.2332629e+01   1.3194489e+01
   1.2386054e+01   1.3256304e+01
   1.2439478e+01   1.3318119e+01
   1.2492902e+01   1.3379934e+01
   1.2546327e+01   1.3441749e+01
   1.2599751e+01   1.3503564e+01
   1.2653175e+01   1.3565379e+01
   1.2706600e+01   1.3627194e+01
   1.2760024e+01   1.3689009e+01
   1.2813448e+01   1.3750824e+01
   1.2866872e+01   1.3812640e+01
   1.2920297e+01   1.3874455e+01
   1.2973721e+01   1.3936270e+01
   1.3027145e+01   1.3998085e+01
   1.3080570e+01   1.4059900e+01
   1.3133994e+01   1.4121715e+01
   1.3187418e+01   1.4183530e+01
   1.3240843e+01   1.4245345e+01
   1.3294267e+01   1.4307160e+01
   1.3347691e+01   1.4368975e+01
   1.3394565e+01   1.4435999e+01
   1.3426827e+01   1.4511156e+01
   1.3443127e+01   1.4591304e+01
   1.3442951e+01   1.4673106e+01
   1.3436589e+01   1.4754790e+01
   1.3430228e+01   1.4836474e+01
   1.3423866e+01   1.4918159e+01
   1.3417505e+01   1.4999843e+01
   1.3411143e+01   1.5081527e+01
   1.3404782e+01   1.5163211e+01
   1.3398420e+01   1.5244896e+01
   1.3392059e+01   1.5326580e+01
   1.3385697e+01   1.5408264e+01
   1.3387806e+01   1.5490725e+01
   1.3406785e+01   1.5571001e+01
   1.3441827e+01   1.5645676e+01
   1.3491441e+01   1.5711576e+01
   1.3552001e+01   1.5767741e+01
   1.3613863e+01   1.5822529e+01
   1.3675724e+01   1.5877317e+01
   1.3737586e+01   1.5932105e+01
   1.3799447e+01   1.5986893e+01
   1.3861309e+01   1.6041681e+01
   1.3923170e+01   1.6096469e+01
   1.3985032e+01   1.6151257e+01
   1.4046893e+01   1.6206045e+01
   1.4108755e+01   1.6260833e+01
   1.4170616e+01   1.6315621e+01
   1.4232478e+01   1.6370409e+01
   1.4294339e+01   1.6425197e+01
   1.4356201e+01   1.6479985e+01
   1.4418062e+01   1.6534773e+01
   1.4483070e+01   1.6581626e+01
   1.4555393e+01   1.6616335e+01
   1.4628654e+01   1.6649129e+01
   1.4701916e+01   1.6681922e+01
   1.4775177e+01   1.6714716e+01
   1.4848439e+01   1.6747510e+01
   1.4921700e+01   1.6780303e+01
   1.4994962e+01   1.6813097e+01
   1.5068223e+01   1.6845891e+01
   1.5141484e+01   1.6878684e+01
   1.5214746e+01   1.6911478e+01
   1.5288007e+01   1.6944272e+01
   1.5361269e+01   1.6977065e+01
   1.5434530e+01   1.7009859e+01
   1.5507792e+01   1.7042652e+01
   1.5581053e+01   1.7075446e+01
   1.5656546e+01   1.7100569e+01
   1.5735519e+01   1.7110253e+01
   1.5814846e+01   1.7104115e+01
   1.5893223e+01   1.7089681e+01
   1.5971600e+01   1.7075240e+01
   1.6049976e+01   1.7060800e+01
   1.6128353e+01   1.7046360e+01
   1.6206729e+01   1.7031919e+01
   1.6285106e+01   1.7017479e+01
   1.6363482e+01   1.7003039e+01
   1.6441859e+01   1.6988598e+01
   1.6520235e+01   1.6974158e+01
   1.6598612e+01   1.6959718e+01
   1.6676988e+01   1.6945277e+01
   1.6755365e+01   1.6930837e+01
   1.6833741e+01   1.6916397e+01
   1.6912118e+01   1.6901956e+01
   1.6990494e+01   1.6887516e+01
   1.7068871e+01   1.6873076e+01
   1.7147247e+01   1.6858635e+01
   1.7225624e+01   1.6844195e+01
   1.7304828e+01   1.6829602e+01
   1.7384031e+01   1.6815010e+01
   1.7463235e+01   1.6800417e+01
   1.7542438e+01   1.6785824e+01
   1.7621642e+01   1.6771231e+01
   1.7700846e+01   1.6756639e+01
   1.7780049e+01   1.6742046e+01
   1.7859253e+01   1.6727453e+01
   1.7938457e+01   1.6712860e+01
   1.8017660e+01   1.6698268e+01
   1.8096864e+01   1.6683675e+01
   1.8176067e+01   1.6669082e+01
   1.8255271e+01   1.6654490e+01
   1.8334475e+01   1.6639897e+01
   1.8413678e+01   1.6625304e+01
   1.8492882e+01   1.6610711e+01
   1.8572086e+01   1.6596119e+01
   1.8648541e+01   1.6582032e+01
   1.8724996e+01   1.6567946e+01
   1.8801452e+01   1.6553860e+01
   1.8877907e+01   1.6539773e+01
   1.8954362e+01   1.6525687e+01
   1.9030817e+01   1.6511600e+01
   1.9107273e+01   1.6497514e+01
   1.9183728e+01   1.6483428e+01
   1.9260183e+01   1.6469341e+01
   1.9336639e+01   1.6455255e+01
   1.9413094e+01   1.6441169e+01
   1.9489549e+01   1.6427082e+01
   1.9566005e+01   1.6412996e+01
   1.9642460e+01   1.6398909e+01
   1.9714000e+01   1.6383411e+01
   1.9781910e+01   1.6356243e+01
   1.9843737e+01   1.6317163e+01
   1.9897415e+01   1.6267478e+01
   1.9941148e+01   1.6208849e+01
   1.9973474e+01   1.6143238e+01
   1.9993313e+01   1.6072837e+01
   2.0000000e+01   1.6000000e+01
